Grammar

    0 $accept: Program $end

    1 Program: %empty
    2        | Function Program

    3 Function: FUNCTION FunctionIdent SEMICOLON BEGIN_PARAMS Declarations END_PARAMS BEGIN_LOCALS Declarations END_LOCALS BEGIN_BODY Statements END_BODY

    4 Declaration: Identifiers COLON INTEGER
    5            | Identifiers COLON ARRAY L_SQUARE_BRACKET NUMBER R_SQUARE_BRACKET OF INTEGER

    6 Declarations: %empty
    7             | Declaration SEMICOLON Declarations

    8 Identifiers: Ident
    9            | Ident COMMA Identifiers

   10 Statements: Statement SEMICOLON Statements
   11           | Statement SEMICOLON

   12 Statement: Var ASSIGN Expression
   13          | IF BoolExp THEN Statements ElseStatement ENDIF
   14          | WHILE BoolExp BEGINLOOP Statements ENDLOOP
   15          | DO BEGINLOOP Statements ENDLOOP WHILE BoolExp
   16          | FOREACH LocalIdent IN Ident BEGINLOOP Statements ENDLOOP
   17          | READ Vars
   18          | WRITE Vars
   19          | CONTINUE
   20          | RETURN Expression

   21 ElseStatement: %empty
   22              | ELSE Statements

   23 Var: Ident L_SQUARE_BRACKET Expression R_SQUARE_BRACKET
   24    | Ident

   25 Vars: Var
   26     | Var COMMA Vars

   27 Expression: MultExp
   28           | MultExp ADD Expression
   29           | MultExp SUB Expression

   30 Expressions: %empty
   31            | Expression COMMA Expressions
   32            | Expression

   33 MultExp: Term
   34        | Term MULT MultExp
   35        | Term DIV MultExp
   36        | Term MOD MultExp

   37 Term: Var
   38     | SUB Var
   39     | NUMBER
   40     | SUB NUMBER
   41     | L_PAREN Expression R_PAREN
   42     | SUB L_PAREN Expression R_PAREN
   43     | Ident L_PAREN Expressions R_PAREN

   44 BoolExp: RAExp
   45        | RAExp OR BoolExp

   46 RAExp: RExp
   47      | RExp AND RAExp

   48 RExp: NOT RExp1
   49     | RExp1

   50 RExp1: Expression Comp Expression
   51      | TRUE
   52      | FALSE
   53      | L_PAREN BoolExp R_PAREN

   54 Comp: EQ
   55     | NEQ
   56     | LT
   57     | GT
   58     | LTE
   59     | GTE

   60 Ident: IDENT

   61 LocalIdent: IDENT

   62 FunctionIdent: IDENT


Terminals, with rules where they appear

    $end (0) 0
    error (256)
    IDENT <ident_val> (258) 60 61 62
    NUMBER <num_val> (259) 5 39 40
    FUNCTION (260) 3
    BEGIN_PARAMS (261) 3
    END_PARAMS (262) 3
    BEGIN_LOCALS (263) 3
    END_LOCALS (264) 3
    BEGIN_BODY (265) 3
    END_BODY (266) 3
    INTEGER (267) 4 5
    ARRAY (268) 5
    OF (269) 5
    IF (270) 13
    THEN (271) 13
    ENDIF (272) 13
    ELSE (273) 22
    WHILE (274) 14 15
    DO (275) 15
    FOREACH (276) 16
    IN (277) 16
    BEGINLOOP (278) 14 15 16
    ENDLOOP (279) 14 15 16
    CONTINUE (280) 19
    READ (281) 17
    WRITE (282) 18
    AND (283) 47
    OR (284) 45
    NOT (285) 48
    TRUE (286) 51
    FALSE (287) 52
    RETURN (288) 20
    SUB (289) 29 38 40 42
    ADD (290) 28
    MULT (291) 34
    DIV (292) 35
    MOD (293) 36
    EQ (294) 54
    NEQ (295) 55
    LT (296) 56
    GT (297) 57
    LTE (298) 58
    GTE (299) 59
    L_PAREN (300) 41 42 43 53
    R_PAREN (301) 41 42 43 53
    L_SQUARE_BRACKET (302) 5 23
    R_SQUARE_BRACKET (303) 5 23
    COLON (304) 4 5
    SEMICOLON (305) 3 7 10 11
    COMMA (306) 9 26 31
    ASSIGN (307) 12


Nonterminals, with rules where they appear

    $accept (53)
        on left: 0
    Program (54)
        on left: 1 2
        on right: 0 2
    Function (55)
        on left: 3
        on right: 2
    Declaration <expr> (56)
        on left: 4 5
        on right: 7
    Declarations <expr> (57)
        on left: 6 7
        on right: 3 7
    Identifiers <expr> (58)
        on left: 8 9
        on right: 4 5 9
    Statements <stat> (59)
        on left: 10 11
        on right: 3 10 13 14 15 16 22
    Statement <stat> (60)
        on left: 12 13 14 15 16 17 18 19 20
        on right: 10 11
    ElseStatement <stat> (61)
        on left: 21 22
        on right: 13
    Var <expr> (62)
        on left: 23 24
        on right: 12 25 26 37 38
    Vars <expr> (63)
        on left: 25 26
        on right: 17 18 26
    Expression <expr> (64)
        on left: 27 28 29
        on right: 12 20 23 28 29 31 32 41 42 50
    Expressions <expr> (65)
        on left: 30 31 32
        on right: 31 43
    MultExp <expr> (66)
        on left: 33 34 35 36
        on right: 27 28 29 34 35 36
    Term <expr> (67)
        on left: 37 38 39 40 41 42 43
        on right: 33 34 35 36
    BoolExp <expr> (68)
        on left: 44 45
        on right: 13 14 15 45 53
    RAExp <expr> (69)
        on left: 46 47
        on right: 44 45 47
    RExp <expr> (70)
        on left: 48 49
        on right: 46 47
    RExp1 <expr> (71)
        on left: 50 51 52 53
        on right: 48 49
    Comp <expr> (72)
        on left: 54 55 56 57 58 59
        on right: 50
    Ident <expr> (73)
        on left: 60
        on right: 8 9 16 23 24 43
    LocalIdent <expr> (74)
        on left: 61
        on right: 16
    FunctionIdent <expr> (75)
        on left: 62
        on right: 3


State 0

    0 $accept: • Program $end

    FUNCTION  shift, and go to state 1

    $default  reduce using rule 1 (Program)

    Program   go to state 2
    Function  go to state 3


State 1

    3 Function: FUNCTION • FunctionIdent SEMICOLON BEGIN_PARAMS Declarations END_PARAMS BEGIN_LOCALS Declarations END_LOCALS BEGIN_BODY Statements END_BODY

    IDENT  shift, and go to state 4

    FunctionIdent  go to state 5


State 2

    0 $accept: Program • $end

    $end  shift, and go to state 6


State 3

    2 Program: Function • Program

    FUNCTION  shift, and go to state 1

    $default  reduce using rule 1 (Program)

    Program   go to state 7
    Function  go to state 3


State 4

   62 FunctionIdent: IDENT •

    $default  reduce using rule 62 (FunctionIdent)


State 5

    3 Function: FUNCTION FunctionIdent • SEMICOLON BEGIN_PARAMS Declarations END_PARAMS BEGIN_LOCALS Declarations END_LOCALS BEGIN_BODY Statements END_BODY

    SEMICOLON  shift, and go to state 8


State 6

    0 $accept: Program $end •

    $default  accept


State 7

    2 Program: Function Program •

    $default  reduce using rule 2 (Program)


State 8

    3 Function: FUNCTION FunctionIdent SEMICOLON • BEGIN_PARAMS Declarations END_PARAMS BEGIN_LOCALS Declarations END_LOCALS BEGIN_BODY Statements END_BODY

    BEGIN_PARAMS  shift, and go to state 9


State 9

    3 Function: FUNCTION FunctionIdent SEMICOLON BEGIN_PARAMS • Declarations END_PARAMS BEGIN_LOCALS Declarations END_LOCALS BEGIN_BODY Statements END_BODY

    IDENT  shift, and go to state 10

    $default  reduce using rule 6 (Declarations)

    Declaration   go to state 11
    Declarations  go to state 12
    Identifiers   go to state 13
    Ident         go to state 14


State 10

   60 Ident: IDENT •

    $default  reduce using rule 60 (Ident)


State 11

    7 Declarations: Declaration • SEMICOLON Declarations

    SEMICOLON  shift, and go to state 15


State 12

    3 Function: FUNCTION FunctionIdent SEMICOLON BEGIN_PARAMS Declarations • END_PARAMS BEGIN_LOCALS Declarations END_LOCALS BEGIN_BODY Statements END_BODY

    END_PARAMS  shift, and go to state 16


State 13

    4 Declaration: Identifiers • COLON INTEGER
    5            | Identifiers • COLON ARRAY L_SQUARE_BRACKET NUMBER R_SQUARE_BRACKET OF INTEGER

    COLON  shift, and go to state 17


State 14

    8 Identifiers: Ident •
    9            | Ident • COMMA Identifiers

    COMMA  shift, and go to state 18

    $default  reduce using rule 8 (Identifiers)


State 15

    7 Declarations: Declaration SEMICOLON • Declarations

    IDENT  shift, and go to state 10

    $default  reduce using rule 6 (Declarations)

    Declaration   go to state 11
    Declarations  go to state 19
    Identifiers   go to state 13
    Ident         go to state 14


State 16

    3 Function: FUNCTION FunctionIdent SEMICOLON BEGIN_PARAMS Declarations END_PARAMS • BEGIN_LOCALS Declarations END_LOCALS BEGIN_BODY Statements END_BODY

    BEGIN_LOCALS  shift, and go to state 20


State 17

    4 Declaration: Identifiers COLON • INTEGER
    5            | Identifiers COLON • ARRAY L_SQUARE_BRACKET NUMBER R_SQUARE_BRACKET OF INTEGER

    INTEGER  shift, and go to state 21
    ARRAY    shift, and go to state 22


State 18

    9 Identifiers: Ident COMMA • Identifiers

    IDENT  shift, and go to state 10

    Identifiers  go to state 23
    Ident        go to state 14


State 19

    7 Declarations: Declaration SEMICOLON Declarations •

    $default  reduce using rule 7 (Declarations)


State 20

    3 Function: FUNCTION FunctionIdent SEMICOLON BEGIN_PARAMS Declarations END_PARAMS BEGIN_LOCALS • Declarations END_LOCALS BEGIN_BODY Statements END_BODY

    IDENT  shift, and go to state 10

    $default  reduce using rule 6 (Declarations)

    Declaration   go to state 11
    Declarations  go to state 24
    Identifiers   go to state 13
    Ident         go to state 14


State 21

    4 Declaration: Identifiers COLON INTEGER •

    $default  reduce using rule 4 (Declaration)


State 22

    5 Declaration: Identifiers COLON ARRAY • L_SQUARE_BRACKET NUMBER R_SQUARE_BRACKET OF INTEGER

    L_SQUARE_BRACKET  shift, and go to state 25


State 23

    9 Identifiers: Ident COMMA Identifiers •

    $default  reduce using rule 9 (Identifiers)


State 24

    3 Function: FUNCTION FunctionIdent SEMICOLON BEGIN_PARAMS Declarations END_PARAMS BEGIN_LOCALS Declarations • END_LOCALS BEGIN_BODY Statements END_BODY

    END_LOCALS  shift, and go to state 26


State 25

    5 Declaration: Identifiers COLON ARRAY L_SQUARE_BRACKET • NUMBER R_SQUARE_BRACKET OF INTEGER

    NUMBER  shift, and go to state 27


State 26

    3 Function: FUNCTION FunctionIdent SEMICOLON BEGIN_PARAMS Declarations END_PARAMS BEGIN_LOCALS Declarations END_LOCALS • BEGIN_BODY Statements END_BODY

    BEGIN_BODY  shift, and go to state 28


State 27

    5 Declaration: Identifiers COLON ARRAY L_SQUARE_BRACKET NUMBER • R_SQUARE_BRACKET OF INTEGER

    R_SQUARE_BRACKET  shift, and go to state 29


State 28

    3 Function: FUNCTION FunctionIdent SEMICOLON BEGIN_PARAMS Declarations END_PARAMS BEGIN_LOCALS Declarations END_LOCALS BEGIN_BODY • Statements END_BODY

    IDENT     shift, and go to state 10
    IF        shift, and go to state 30
    WHILE     shift, and go to state 31
    DO        shift, and go to state 32
    FOREACH   shift, and go to state 33
    CONTINUE  shift, and go to state 34
    READ      shift, and go to state 35
    WRITE     shift, and go to state 36
    RETURN    shift, and go to state 37

    Statements  go to state 38
    Statement   go to state 39
    Var         go to state 40
    Ident       go to state 41


State 29

    5 Declaration: Identifiers COLON ARRAY L_SQUARE_BRACKET NUMBER R_SQUARE_BRACKET • OF INTEGER

    OF  shift, and go to state 42


State 30

   13 Statement: IF • BoolExp THEN Statements ElseStatement ENDIF

    IDENT    shift, and go to state 10
    NUMBER   shift, and go to state 43
    NOT      shift, and go to state 44
    TRUE     shift, and go to state 45
    FALSE    shift, and go to state 46
    SUB      shift, and go to state 47
    L_PAREN  shift, and go to state 48

    Var         go to state 49
    Expression  go to state 50
    MultExp     go to state 51
    Term        go to state 52
    BoolExp     go to state 53
    RAExp       go to state 54
    RExp        go to state 55
    RExp1       go to state 56
    Ident       go to state 57


State 31

   14 Statement: WHILE • BoolExp BEGINLOOP Statements ENDLOOP

    IDENT    shift, and go to state 10
    NUMBER   shift, and go to state 43
    NOT      shift, and go to state 44
    TRUE     shift, and go to state 45
    FALSE    shift, and go to state 46
    SUB      shift, and go to state 47
    L_PAREN  shift, and go to state 48

    Var         go to state 49
    Expression  go to state 50
    MultExp     go to state 51
    Term        go to state 52
    BoolExp     go to state 58
    RAExp       go to state 54
    RExp        go to state 55
    RExp1       go to state 56
    Ident       go to state 57


State 32

   15 Statement: DO • BEGINLOOP Statements ENDLOOP WHILE BoolExp

    BEGINLOOP  shift, and go to state 59


State 33

   16 Statement: FOREACH • LocalIdent IN Ident BEGINLOOP Statements ENDLOOP

    IDENT  shift, and go to state 60

    LocalIdent  go to state 61


State 34

   19 Statement: CONTINUE •

    $default  reduce using rule 19 (Statement)


State 35

   17 Statement: READ • Vars

    IDENT  shift, and go to state 10

    Var    go to state 62
    Vars   go to state 63
    Ident  go to state 41


State 36

   18 Statement: WRITE • Vars

    IDENT  shift, and go to state 10

    Var    go to state 62
    Vars   go to state 64
    Ident  go to state 41


State 37

   20 Statement: RETURN • Expression

    IDENT    shift, and go to state 10
    NUMBER   shift, and go to state 43
    SUB      shift, and go to state 47
    L_PAREN  shift, and go to state 65

    Var         go to state 49
    Expression  go to state 66
    MultExp     go to state 51
    Term        go to state 52
    Ident       go to state 57


State 38

    3 Function: FUNCTION FunctionIdent SEMICOLON BEGIN_PARAMS Declarations END_PARAMS BEGIN_LOCALS Declarations END_LOCALS BEGIN_BODY Statements • END_BODY

    END_BODY  shift, and go to state 67


State 39

   10 Statements: Statement • SEMICOLON Statements
   11           | Statement • SEMICOLON

    SEMICOLON  shift, and go to state 68


State 40

   12 Statement: Var • ASSIGN Expression

    ASSIGN  shift, and go to state 69


State 41

   23 Var: Ident • L_SQUARE_BRACKET Expression R_SQUARE_BRACKET
   24    | Ident •

    L_SQUARE_BRACKET  shift, and go to state 70

    $default  reduce using rule 24 (Var)


State 42

    5 Declaration: Identifiers COLON ARRAY L_SQUARE_BRACKET NUMBER R_SQUARE_BRACKET OF • INTEGER

    INTEGER  shift, and go to state 71


State 43

   39 Term: NUMBER •

    $default  reduce using rule 39 (Term)


State 44

   48 RExp: NOT • RExp1

    IDENT    shift, and go to state 10
    NUMBER   shift, and go to state 43
    TRUE     shift, and go to state 45
    FALSE    shift, and go to state 46
    SUB      shift, and go to state 47
    L_PAREN  shift, and go to state 48

    Var         go to state 49
    Expression  go to state 50
    MultExp     go to state 51
    Term        go to state 52
    RExp1       go to state 72
    Ident       go to state 57


State 45

   51 RExp1: TRUE •

    $default  reduce using rule 51 (RExp1)


State 46

   52 RExp1: FALSE •

    $default  reduce using rule 52 (RExp1)


State 47

   38 Term: SUB • Var
   40     | SUB • NUMBER
   42     | SUB • L_PAREN Expression R_PAREN

    IDENT    shift, and go to state 10
    NUMBER   shift, and go to state 73
    L_PAREN  shift, and go to state 74

    Var    go to state 75
    Ident  go to state 41


State 48

   41 Term: L_PAREN • Expression R_PAREN
   53 RExp1: L_PAREN • BoolExp R_PAREN

    IDENT    shift, and go to state 10
    NUMBER   shift, and go to state 43
    NOT      shift, and go to state 44
    TRUE     shift, and go to state 45
    FALSE    shift, and go to state 46
    SUB      shift, and go to state 47
    L_PAREN  shift, and go to state 48

    Var         go to state 49
    Expression  go to state 76
    MultExp     go to state 51
    Term        go to state 52
    BoolExp     go to state 77
    RAExp       go to state 54
    RExp        go to state 55
    RExp1       go to state 56
    Ident       go to state 57


State 49

   37 Term: Var •

    $default  reduce using rule 37 (Term)


State 50

   50 RExp1: Expression • Comp Expression

    EQ   shift, and go to state 78
    NEQ  shift, and go to state 79
    LT   shift, and go to state 80
    GT   shift, and go to state 81
    LTE  shift, and go to state 82
    GTE  shift, and go to state 83

    Comp  go to state 84


State 51

   27 Expression: MultExp •
   28           | MultExp • ADD Expression
   29           | MultExp • SUB Expression

    SUB  shift, and go to state 85
    ADD  shift, and go to state 86

    $default  reduce using rule 27 (Expression)


State 52

   33 MultExp: Term •
   34        | Term • MULT MultExp
   35        | Term • DIV MultExp
   36        | Term • MOD MultExp

    MULT  shift, and go to state 87
    DIV   shift, and go to state 88
    MOD   shift, and go to state 89

    $default  reduce using rule 33 (MultExp)


State 53

   13 Statement: IF BoolExp • THEN Statements ElseStatement ENDIF

    THEN  shift, and go to state 90


State 54

   44 BoolExp: RAExp •
   45        | RAExp • OR BoolExp

    OR  shift, and go to state 91

    $default  reduce using rule 44 (BoolExp)


State 55

   46 RAExp: RExp •
   47      | RExp • AND RAExp

    AND  shift, and go to state 92

    $default  reduce using rule 46 (RAExp)


State 56

   49 RExp: RExp1 •

    $default  reduce using rule 49 (RExp)


State 57

   23 Var: Ident • L_SQUARE_BRACKET Expression R_SQUARE_BRACKET
   24    | Ident •
   43 Term: Ident • L_PAREN Expressions R_PAREN

    L_PAREN           shift, and go to state 93
    L_SQUARE_BRACKET  shift, and go to state 70

    $default  reduce using rule 24 (Var)


State 58

   14 Statement: WHILE BoolExp • BEGINLOOP Statements ENDLOOP

    BEGINLOOP  shift, and go to state 94


State 59

   15 Statement: DO BEGINLOOP • Statements ENDLOOP WHILE BoolExp

    IDENT     shift, and go to state 10
    IF        shift, and go to state 30
    WHILE     shift, and go to state 31
    DO        shift, and go to state 32
    FOREACH   shift, and go to state 33
    CONTINUE  shift, and go to state 34
    READ      shift, and go to state 35
    WRITE     shift, and go to state 36
    RETURN    shift, and go to state 37

    Statements  go to state 95
    Statement   go to state 39
    Var         go to state 40
    Ident       go to state 41


State 60

   61 LocalIdent: IDENT •

    $default  reduce using rule 61 (LocalIdent)


State 61

   16 Statement: FOREACH LocalIdent • IN Ident BEGINLOOP Statements ENDLOOP

    IN  shift, and go to state 96


State 62

   25 Vars: Var •
   26     | Var • COMMA Vars

    COMMA  shift, and go to state 97

    $default  reduce using rule 25 (Vars)


State 63

   17 Statement: READ Vars •

    $default  reduce using rule 17 (Statement)


State 64

   18 Statement: WRITE Vars •

    $default  reduce using rule 18 (Statement)


State 65

   41 Term: L_PAREN • Expression R_PAREN

    IDENT    shift, and go to state 10
    NUMBER   shift, and go to state 43
    SUB      shift, and go to state 47
    L_PAREN  shift, and go to state 65

    Var         go to state 49
    Expression  go to state 98
    MultExp     go to state 51
    Term        go to state 52
    Ident       go to state 57


State 66

   20 Statement: RETURN Expression •

    $default  reduce using rule 20 (Statement)


State 67

    3 Function: FUNCTION FunctionIdent SEMICOLON BEGIN_PARAMS Declarations END_PARAMS BEGIN_LOCALS Declarations END_LOCALS BEGIN_BODY Statements END_BODY •

    $default  reduce using rule 3 (Function)


State 68

   10 Statements: Statement SEMICOLON • Statements
   11           | Statement SEMICOLON •

    IDENT     shift, and go to state 10
    IF        shift, and go to state 30
    WHILE     shift, and go to state 31
    DO        shift, and go to state 32
    FOREACH   shift, and go to state 33
    CONTINUE  shift, and go to state 34
    READ      shift, and go to state 35
    WRITE     shift, and go to state 36
    RETURN    shift, and go to state 37

    $default  reduce using rule 11 (Statements)

    Statements  go to state 99
    Statement   go to state 39
    Var         go to state 40
    Ident       go to state 41


State 69

   12 Statement: Var ASSIGN • Expression

    IDENT    shift, and go to state 10
    NUMBER   shift, and go to state 43
    SUB      shift, and go to state 47
    L_PAREN  shift, and go to state 65

    Var         go to state 49
    Expression  go to state 100
    MultExp     go to state 51
    Term        go to state 52
    Ident       go to state 57


State 70

   23 Var: Ident L_SQUARE_BRACKET • Expression R_SQUARE_BRACKET

    IDENT    shift, and go to state 10
    NUMBER   shift, and go to state 43
    SUB      shift, and go to state 47
    L_PAREN  shift, and go to state 65

    Var         go to state 49
    Expression  go to state 101
    MultExp     go to state 51
    Term        go to state 52
    Ident       go to state 57


State 71

    5 Declaration: Identifiers COLON ARRAY L_SQUARE_BRACKET NUMBER R_SQUARE_BRACKET OF INTEGER •

    $default  reduce using rule 5 (Declaration)


State 72

   48 RExp: NOT RExp1 •

    $default  reduce using rule 48 (RExp)


State 73

   40 Term: SUB NUMBER •

    $default  reduce using rule 40 (Term)


State 74

   42 Term: SUB L_PAREN • Expression R_PAREN

    IDENT    shift, and go to state 10
    NUMBER   shift, and go to state 43
    SUB      shift, and go to state 47
    L_PAREN  shift, and go to state 65

    Var         go to state 49
    Expression  go to state 102
    MultExp     go to state 51
    Term        go to state 52
    Ident       go to state 57


State 75

   38 Term: SUB Var •

    $default  reduce using rule 38 (Term)


State 76

   41 Term: L_PAREN Expression • R_PAREN
   50 RExp1: Expression • Comp Expression

    EQ       shift, and go to state 78
    NEQ      shift, and go to state 79
    LT       shift, and go to state 80
    GT       shift, and go to state 81
    LTE      shift, and go to state 82
    GTE      shift, and go to state 83
    R_PAREN  shift, and go to state 103

    Comp  go to state 84


State 77

   53 RExp1: L_PAREN BoolExp • R_PAREN

    R_PAREN  shift, and go to state 104


State 78

   54 Comp: EQ •

    $default  reduce using rule 54 (Comp)


State 79

   55 Comp: NEQ •

    $default  reduce using rule 55 (Comp)


State 80

   56 Comp: LT •

    $default  reduce using rule 56 (Comp)


State 81

   57 Comp: GT •

    $default  reduce using rule 57 (Comp)


State 82

   58 Comp: LTE •

    $default  reduce using rule 58 (Comp)


State 83

   59 Comp: GTE •

    $default  reduce using rule 59 (Comp)


State 84

   50 RExp1: Expression Comp • Expression

    IDENT    shift, and go to state 10
    NUMBER   shift, and go to state 43
    SUB      shift, and go to state 47
    L_PAREN  shift, and go to state 65

    Var         go to state 49
    Expression  go to state 105
    MultExp     go to state 51
    Term        go to state 52
    Ident       go to state 57


State 85

   29 Expression: MultExp SUB • Expression

    IDENT    shift, and go to state 10
    NUMBER   shift, and go to state 43
    SUB      shift, and go to state 47
    L_PAREN  shift, and go to state 65

    Var         go to state 49
    Expression  go to state 106
    MultExp     go to state 51
    Term        go to state 52
    Ident       go to state 57


State 86

   28 Expression: MultExp ADD • Expression

    IDENT    shift, and go to state 10
    NUMBER   shift, and go to state 43
    SUB      shift, and go to state 47
    L_PAREN  shift, and go to state 65

    Var         go to state 49
    Expression  go to state 107
    MultExp     go to state 51
    Term        go to state 52
    Ident       go to state 57


State 87

   34 MultExp: Term MULT • MultExp

    IDENT    shift, and go to state 10
    NUMBER   shift, and go to state 43
    SUB      shift, and go to state 47
    L_PAREN  shift, and go to state 65

    Var      go to state 49
    MultExp  go to state 108
    Term     go to state 52
    Ident    go to state 57


State 88

   35 MultExp: Term DIV • MultExp

    IDENT    shift, and go to state 10
    NUMBER   shift, and go to state 43
    SUB      shift, and go to state 47
    L_PAREN  shift, and go to state 65

    Var      go to state 49
    MultExp  go to state 109
    Term     go to state 52
    Ident    go to state 57


State 89

   36 MultExp: Term MOD • MultExp

    IDENT    shift, and go to state 10
    NUMBER   shift, and go to state 43
    SUB      shift, and go to state 47
    L_PAREN  shift, and go to state 65

    Var      go to state 49
    MultExp  go to state 110
    Term     go to state 52
    Ident    go to state 57


State 90

   13 Statement: IF BoolExp THEN • Statements ElseStatement ENDIF

    IDENT     shift, and go to state 10
    IF        shift, and go to state 30
    WHILE     shift, and go to state 31
    DO        shift, and go to state 32
    FOREACH   shift, and go to state 33
    CONTINUE  shift, and go to state 34
    READ      shift, and go to state 35
    WRITE     shift, and go to state 36
    RETURN    shift, and go to state 37

    Statements  go to state 111
    Statement   go to state 39
    Var         go to state 40
    Ident       go to state 41


State 91

   45 BoolExp: RAExp OR • BoolExp

    IDENT    shift, and go to state 10
    NUMBER   shift, and go to state 43
    NOT      shift, and go to state 44
    TRUE     shift, and go to state 45
    FALSE    shift, and go to state 46
    SUB      shift, and go to state 47
    L_PAREN  shift, and go to state 48

    Var         go to state 49
    Expression  go to state 50
    MultExp     go to state 51
    Term        go to state 52
    BoolExp     go to state 112
    RAExp       go to state 54
    RExp        go to state 55
    RExp1       go to state 56
    Ident       go to state 57


State 92

   47 RAExp: RExp AND • RAExp

    IDENT    shift, and go to state 10
    NUMBER   shift, and go to state 43
    NOT      shift, and go to state 44
    TRUE     shift, and go to state 45
    FALSE    shift, and go to state 46
    SUB      shift, and go to state 47
    L_PAREN  shift, and go to state 48

    Var         go to state 49
    Expression  go to state 50
    MultExp     go to state 51
    Term        go to state 52
    RAExp       go to state 113
    RExp        go to state 55
    RExp1       go to state 56
    Ident       go to state 57


State 93

   43 Term: Ident L_PAREN • Expressions R_PAREN

    IDENT    shift, and go to state 10
    NUMBER   shift, and go to state 43
    SUB      shift, and go to state 47
    L_PAREN  shift, and go to state 65

    $default  reduce using rule 30 (Expressions)

    Var          go to state 49
    Expression   go to state 114
    Expressions  go to state 115
    MultExp      go to state 51
    Term         go to state 52
    Ident        go to state 57


State 94

   14 Statement: WHILE BoolExp BEGINLOOP • Statements ENDLOOP

    IDENT     shift, and go to state 10
    IF        shift, and go to state 30
    WHILE     shift, and go to state 31
    DO        shift, and go to state 32
    FOREACH   shift, and go to state 33
    CONTINUE  shift, and go to state 34
    READ      shift, and go to state 35
    WRITE     shift, and go to state 36
    RETURN    shift, and go to state 37

    Statements  go to state 116
    Statement   go to state 39
    Var         go to state 40
    Ident       go to state 41


State 95

   15 Statement: DO BEGINLOOP Statements • ENDLOOP WHILE BoolExp

    ENDLOOP  shift, and go to state 117


State 96

   16 Statement: FOREACH LocalIdent IN • Ident BEGINLOOP Statements ENDLOOP

    IDENT  shift, and go to state 10

    Ident  go to state 118


State 97

   26 Vars: Var COMMA • Vars

    IDENT  shift, and go to state 10

    Var    go to state 62
    Vars   go to state 119
    Ident  go to state 41


State 98

   41 Term: L_PAREN Expression • R_PAREN

    R_PAREN  shift, and go to state 103


State 99

   10 Statements: Statement SEMICOLON Statements •

    $default  reduce using rule 10 (Statements)


State 100

   12 Statement: Var ASSIGN Expression •

    $default  reduce using rule 12 (Statement)


State 101

   23 Var: Ident L_SQUARE_BRACKET Expression • R_SQUARE_BRACKET

    R_SQUARE_BRACKET  shift, and go to state 120


State 102

   42 Term: SUB L_PAREN Expression • R_PAREN

    R_PAREN  shift, and go to state 121


State 103

   41 Term: L_PAREN Expression R_PAREN •

    $default  reduce using rule 41 (Term)


State 104

   53 RExp1: L_PAREN BoolExp R_PAREN •

    $default  reduce using rule 53 (RExp1)


State 105

   50 RExp1: Expression Comp Expression •

    $default  reduce using rule 50 (RExp1)


State 106

   29 Expression: MultExp SUB Expression •

    $default  reduce using rule 29 (Expression)


State 107

   28 Expression: MultExp ADD Expression •

    $default  reduce using rule 28 (Expression)


State 108

   34 MultExp: Term MULT MultExp •

    $default  reduce using rule 34 (MultExp)


State 109

   35 MultExp: Term DIV MultExp •

    $default  reduce using rule 35 (MultExp)


State 110

   36 MultExp: Term MOD MultExp •

    $default  reduce using rule 36 (MultExp)


State 111

   13 Statement: IF BoolExp THEN Statements • ElseStatement ENDIF

    ELSE  shift, and go to state 122

    $default  reduce using rule 21 (ElseStatement)

    ElseStatement  go to state 123


State 112

   45 BoolExp: RAExp OR BoolExp •

    $default  reduce using rule 45 (BoolExp)


State 113

   47 RAExp: RExp AND RAExp •

    $default  reduce using rule 47 (RAExp)


State 114

   31 Expressions: Expression • COMMA Expressions
   32            | Expression •

    COMMA  shift, and go to state 124

    $default  reduce using rule 32 (Expressions)


State 115

   43 Term: Ident L_PAREN Expressions • R_PAREN

    R_PAREN  shift, and go to state 125


State 116

   14 Statement: WHILE BoolExp BEGINLOOP Statements • ENDLOOP

    ENDLOOP  shift, and go to state 126


State 117

   15 Statement: DO BEGINLOOP Statements ENDLOOP • WHILE BoolExp

    WHILE  shift, and go to state 127


State 118

   16 Statement: FOREACH LocalIdent IN Ident • BEGINLOOP Statements ENDLOOP

    BEGINLOOP  shift, and go to state 128


State 119

   26 Vars: Var COMMA Vars •

    $default  reduce using rule 26 (Vars)


State 120

   23 Var: Ident L_SQUARE_BRACKET Expression R_SQUARE_BRACKET •

    $default  reduce using rule 23 (Var)


State 121

   42 Term: SUB L_PAREN Expression R_PAREN •

    $default  reduce using rule 42 (Term)


State 122

   22 ElseStatement: ELSE • Statements

    IDENT     shift, and go to state 10
    IF        shift, and go to state 30
    WHILE     shift, and go to state 31
    DO        shift, and go to state 32
    FOREACH   shift, and go to state 33
    CONTINUE  shift, and go to state 34
    READ      shift, and go to state 35
    WRITE     shift, and go to state 36
    RETURN    shift, and go to state 37

    Statements  go to state 129
    Statement   go to state 39
    Var         go to state 40
    Ident       go to state 41


State 123

   13 Statement: IF BoolExp THEN Statements ElseStatement • ENDIF

    ENDIF  shift, and go to state 130


State 124

   31 Expressions: Expression COMMA • Expressions

    IDENT    shift, and go to state 10
    NUMBER   shift, and go to state 43
    SUB      shift, and go to state 47
    L_PAREN  shift, and go to state 65

    $default  reduce using rule 30 (Expressions)

    Var          go to state 49
    Expression   go to state 114
    Expressions  go to state 131
    MultExp      go to state 51
    Term         go to state 52
    Ident        go to state 57


State 125

   43 Term: Ident L_PAREN Expressions R_PAREN •

    $default  reduce using rule 43 (Term)


State 126

   14 Statement: WHILE BoolExp BEGINLOOP Statements ENDLOOP •

    $default  reduce using rule 14 (Statement)


State 127

   15 Statement: DO BEGINLOOP Statements ENDLOOP WHILE • BoolExp

    IDENT    shift, and go to state 10
    NUMBER   shift, and go to state 43
    NOT      shift, and go to state 44
    TRUE     shift, and go to state 45
    FALSE    shift, and go to state 46
    SUB      shift, and go to state 47
    L_PAREN  shift, and go to state 48

    Var         go to state 49
    Expression  go to state 50
    MultExp     go to state 51
    Term        go to state 52
    BoolExp     go to state 132
    RAExp       go to state 54
    RExp        go to state 55
    RExp1       go to state 56
    Ident       go to state 57


State 128

   16 Statement: FOREACH LocalIdent IN Ident BEGINLOOP • Statements ENDLOOP

    IDENT     shift, and go to state 10
    IF        shift, and go to state 30
    WHILE     shift, and go to state 31
    DO        shift, and go to state 32
    FOREACH   shift, and go to state 33
    CONTINUE  shift, and go to state 34
    READ      shift, and go to state 35
    WRITE     shift, and go to state 36
    RETURN    shift, and go to state 37

    Statements  go to state 133
    Statement   go to state 39
    Var         go to state 40
    Ident       go to state 41


State 129

   22 ElseStatement: ELSE Statements •

    $default  reduce using rule 22 (ElseStatement)


State 130

   13 Statement: IF BoolExp THEN Statements ElseStatement ENDIF •

    $default  reduce using rule 13 (Statement)


State 131

   31 Expressions: Expression COMMA Expressions •

    $default  reduce using rule 31 (Expressions)


State 132

   15 Statement: DO BEGINLOOP Statements ENDLOOP WHILE BoolExp •

    $default  reduce using rule 15 (Statement)


State 133

   16 Statement: FOREACH LocalIdent IN Ident BEGINLOOP Statements • ENDLOOP

    ENDLOOP  shift, and go to state 134


State 134

   16 Statement: FOREACH LocalIdent IN Ident BEGINLOOP Statements ENDLOOP •

    $default  reduce using rule 16 (Statement)
